Base path: C:/Program Files/Unity/Editor/Data
<<<<<<< HEAD
Pipe name: \\.\pipe\UnityShaderCompiler-64bit-1-4228
Cmd: getPlatforms
=======
<<<<<<< HEAD
Pipe name: \\.\pipe\UnityShaderCompiler-64bit-1-10280
Cmd: getPlatforms
=======
Pipe name: \\.\pipe\UnityShaderCompiler-64bit-1-2988
Cmd: getPlatforms
Cmd: compileSnippet
  api=4 type=0 insize=541 outsize=3533 kw=SHADOWS_DEPTH pd= ok=1
Cmd: compileSnippet
  api=4 type=1 insize=541 outsize=453 kw=SHADOWS_DEPTH pd= ok=1
Cmd: compileSnippet
  api=4 type=0 insize=6895 outsize=3663 kw=DIRECTIONAL SHADOWS_OFF LIGHTMAP_OFF DIRLIGHTMAP_OFF DYNAMICLIGHTMAP_OFF pd= ok=1
Cmd: compileSnippet
  api=4 type=1 insize=6895 outsize=1314 kw=DIRECTIONAL SHADOWS_OFF LIGHTMAP_OFF DIRLIGHTMAP_OFF DYNAMICLIGHTMAP_OFF pd= ok=1
Cmd: compileSnippet
  api=4 type=0 insize=3666 outsize=2753 kw=DIRECTIONAL pd= ok=1
Cmd: compileSnippet
  api=4 type=1 insize=3666 outsize=1168 kw=DIRECTIONAL pd= ok=1
Cmd: compileSnippet
  api=4 type=0 insize=6816 outsize=3663 kw=DIRECTIONAL LIGHTMAP_OFF DIRLIGHTMAP_OFF DYNAMICLIGHTMAP_OFF pd= ok=1
Cmd: compileSnippet
  api=4 type=1 insize=6816 outsize=1314 kw=DIRECTIONAL LIGHTMAP_OFF DIRLIGHTMAP_OFF DYNAMICLIGHTMAP_OFF pd= ok=1
Cmd: compileSnippet
  api=4 type=0 insize=3588 outsize=2753 kw=DIRECTIONAL pd= ok=1
Cmd: compileSnippet
  api=4 type=1 insize=3588 outsize=1168 kw=DIRECTIONAL pd= ok=1
>>>>>>> 7b50bb63dc3f3a46613b560fa7589f06ddeb7937
>>>>>>> 458f8c869edbf7962d5f068a37de2b2e49e5360e
